<?xml version="1.0" encoding="UTF-8"?>
<robot generator="Robot 7.2.2 (Python 3.12.5 on win32)" generated="2025-10-01T16:09:55.372668" rpa="false" schemaversion="5">
<suite id="s1" name="Testweb" source="D:\Automation\Robot Framework\DemoRobotFramework\tests\web\youtube\testweb.robot">
<test id="s1-t1" name="TC1" line="9">
<kw name="Open Browser" owner="SeleniumLibrary">
<msg time="2025-10-01T16:09:55.699576" level="INFO">Opening browser 'chrome' to base url 'https://www.google.com/'.</msg>
<arg>${url}</arg>
<arg>${browser}</arg>
<doc>Opens a new browser instance to the optional ``url``.</doc>
<status status="PASS" start="2025-10-01T16:09:55.699576" elapsed="3.256073"/>
</kw>
<kw name="Maximize Browser Window" owner="SeleniumLibrary">
<doc>Maximizes current browser window.</doc>
<status status="PASS" start="2025-10-01T16:09:58.956161" elapsed="0.144509"/>
</kw>
<kw name="Input Text" owner="SeleniumLibrary">
<msg time="2025-10-01T16:09:59.103669" level="INFO">Typing text 'facebook' into text field 'xpath=//*[@id="APjFqb"]'.</msg>
<arg>xpath=//*[@id="APjFqb"]</arg>
<arg>facebook</arg>
<doc>Types the given ``text`` into the text field identified by ``locator``.</doc>
<status status="PASS" start="2025-10-01T16:09:59.101670" elapsed="0.654151"/>
</kw>
<kw name="Press Keys" owner="SeleniumLibrary">
<msg time="2025-10-01T16:09:59.757332" level="INFO">Sending key(s) ('RETURN',) to xpath=//*[@id="APjFqb"] element.</msg>
<msg time="2025-10-01T16:10:00.133992" level="INFO">Pressing special key RETURN to element.</msg>
<msg time="2025-10-01T16:10:00.133992" level="INFO">Releasing special key RETURN.</msg>
<arg>xpath=//*[@id="APjFqb"]</arg>
<arg>RETURN</arg>
<doc>Simulates the user pressing key(s) to an element or on the active browser.</doc>
<status status="PASS" start="2025-10-01T16:09:59.757332" elapsed="2.070327"/>
</kw>
<kw name="Sleep" owner="BuiltIn">
<msg time="2025-10-01T16:10:21.828979" level="INFO">Slept 20 seconds.</msg>
<arg>20s</arg>
<doc>Pauses the test executed for the given time.</doc>
<status status="PASS" start="2025-10-01T16:10:01.828660" elapsed="20.000319"/>
</kw>
<status status="PASS" start="2025-10-01T16:09:55.698509" elapsed="26.131572"/>
</test>
<status status="PASS" start="2025-10-01T16:09:55.378176" elapsed="26.453252"/>
</suite>
<statistics>
<total>
<stat pass="1" fail="0" skip="0">All Tests</stat>
</total>
<tag>
</tag>
<suite>
<stat name="Testweb" id="s1" pass="1" fail="0" skip="0">Testweb</stat>
</suite>
</statistics>
<errors>
</errors>
</robot>
