<?xml version="1.0" encoding="UTF-8"?>
<robot generator="Robot 5.0.1 (Python 3.12.5 on win32)" generated="20251003 11:27:51.921" rpa="false" schemaversion="3">
<suite id="s1" name="Demo" source="F:\Automation test\Robot Framework\DemoRobotFW\tests\web\demo.robot">
<test id="s1-t1" name="Test web: Radio button &amp; Checkbox" line="34">
<kw name="Open browser and go to web page">
<kw name="Open Browser" library="SeleniumLibrary">
<arg>${url}</arg>
<arg>${browser}</arg>
<doc>Opens a new browser instance to the optional ``url``.</doc>
<msg timestamp="20251003 11:27:52.084" level="INFO">Opening browser 'chrome' to base url 'https://testautomationpractice.blogspot.com/'.</msg>
<status status="PASS" starttime="20251003 11:27:52.083" endtime="20251003 11:27:56.246"/>
</kw>
<kw name="Maximize Browser Window" library="SeleniumLibrary">
<doc>Maximizes current browser window.</doc>
<status status="PASS" starttime="20251003 11:27:56.246" endtime="20251003 11:27:56.273"/>
</kw>
<status status="PASS" starttime="20251003 11:27:52.083" endtime="20251003 11:27:56.273"/>
</kw>
<kw name="Sleep" library="BuiltIn">
<arg>2s</arg>
<doc>Pauses the test executed for the given time.</doc>
<msg timestamp="20251003 11:27:58.274" level="INFO">Slept 2 seconds</msg>
<status status="PASS" starttime="20251003 11:27:56.273" endtime="20251003 11:27:58.274"/>
</kw>
<kw name="Radio Button Should Not Be Selected" library="SeleniumLibrary">
<arg>gender</arg>
<doc>Verifies radio button group ``group_name`` has no selection.</doc>
<msg timestamp="20251003 11:27:58.275" level="INFO">Verifying radio button 'gender' has no selection.</msg>
<status status="PASS" starttime="20251003 11:27:58.274" endtime="20251003 11:27:58.307"/>
</kw>
<kw name="Select Radio Button" library="SeleniumLibrary">
<arg>gender</arg>
<arg>female</arg>
<doc>Sets the radio button group ``group_name`` to ``value``.</doc>
<msg timestamp="20251003 11:27:58.308" level="INFO">Selecting 'female' from radio button 'gender'.</msg>
<status status="PASS" starttime="20251003 11:27:58.307" endtime="20251003 11:27:58.363"/>
</kw>
<kw name="Radio Button Should Be Set To" library="SeleniumLibrary">
<arg>gender</arg>
<arg>female</arg>
<doc>Verifies radio button group ``group_name`` is set to ``value``.</doc>
<msg timestamp="20251003 11:27:58.364" level="INFO">Verifying radio button 'gender' has selection 'female'.</msg>
<status status="PASS" starttime="20251003 11:27:58.364" endtime="20251003 11:27:58.385"/>
</kw>
<kw name="Checkbox Should Not Be Selected" library="SeleniumLibrary">
<arg>id=monday</arg>
<doc>Verifies checkbox ``locator`` is not selected/checked.</doc>
<msg timestamp="20251003 11:27:58.385" level="INFO">Verifying checkbox 'id=monday' is not selected.</msg>
<status status="PASS" starttime="20251003 11:27:58.385" endtime="20251003 11:27:58.407"/>
</kw>
<kw name="Select Checkbox" library="SeleniumLibrary">
<arg>id=monday</arg>
<doc>Selects the checkbox identified by ``locator``.</doc>
<msg timestamp="20251003 11:27:58.407" level="INFO">Selecting checkbox 'id=monday'.</msg>
<status status="PASS" starttime="20251003 11:27:58.407" endtime="20251003 11:27:58.451"/>
</kw>
<kw name="Checkbox Should Be Selected" library="SeleniumLibrary">
<arg>id=monday</arg>
<doc>Verifies checkbox ``locator`` is selected/checked.</doc>
<msg timestamp="20251003 11:27:58.451" level="INFO">Verifying checkbox 'id=monday' is selected.</msg>
<status status="PASS" starttime="20251003 11:27:58.451" endtime="20251003 11:27:58.467"/>
</kw>
<status status="PASS" starttime="20251003 11:27:52.083" endtime="20251003 11:27:58.467"/>
</test>
<status status="PASS" starttime="20251003 11:27:51.935" endtime="20251003 11:27:58.468"/>
</suite>
<statistics>
<total>
<stat pass="1" fail="0" skip="0">All Tests</stat>
</total>
<tag>
</tag>
<suite>
<stat pass="1" fail="0" skip="0" id="s1" name="Demo">Demo</stat>
</suite>
</statistics>
<errors>
</errors>
</robot>
